The target system is: Generic -  - 
The host system is: Linux - 5.15.49-linuxkit - x86_64
Compiling the C compiler identification source file "CMakeCCompilerId.c" succeeded.
Compiler: /opt/gcc-arm-none-eabi/bin/arm-none-eabi-gcc 
Build flags: 
Id flags: -c 

The output was:
0


Compilation of the C compiler identification source "CMakeCCompilerId.c" produced "CMakeCCompilerId.o"

The C compiler identification is GNU, found in "/movesense/myBuild/CMakeFiles/3.16.2/CompilerIdC/CMakeCCompilerId.o"

Compiling the CXX compiler identification source file "CMakeCXXCompilerId.cpp" succeeded.
Compiler: /opt/gcc-arm-none-eabi/bin/arm-none-eabi-gcc 
Build flags: 
Id flags: -c 

The output was:
0


Compilation of the CXX compiler identification source "CMakeCXXCompilerId.cpp" produced "CMakeCXXCompilerId.o"

The CXX compiler identification is GNU, found in "/movesense/myBuild/CMakeFiles/3.16.2/CompilerIdCXX/CMakeCXXCompilerId.o"

Determining if the C compiler works passed with the following output:
Change Dir: /movesense/myBuild/CMakeFiles/CMakeTmp

Run Build Command(s):/usr/bin/ninja cmTC_be8d7 && [1/2] Building C object CMakeFiles/cmTC_be8d7.dir/testCCompiler.c.obj
[2/2] Linking C static library libcmTC_be8d7.a



Detecting C compiler ABI info compiled with the following output:
Change Dir: /movesense/myBuild/CMakeFiles/CMakeTmp

Run Build Command(s):/usr/bin/ninja cmTC_f9313 && [1/2] Building C object CMakeFiles/cmTC_f9313.dir/CMakeCCompilerABI.c.obj
Using built-in specs.
COLLECT_GCC=/opt/gcc-arm-none-eabi/bin/arm-none-eabi-gcc
Target: arm-none-eabi
Configured with: /mnt/workspace/workspace/GCC-9-pipeline/jenkins-GCC-9-pipeline-100_20191030_1572397542/src/gcc/configure --target=arm-none-eabi --prefix=/mnt/workspace/workspace/GCC-9-pipeline/jenkins-GCC-9-pipeline-100_20191030_1572397542/install-native --libexecdir=/mnt/workspace/workspace/GCC-9-pipeline/jenkins-GCC-9-pipeline-100_20191030_1572397542/install-native/lib --infodir=/mnt/workspace/workspace/GCC-9-pipeline/jenkins-GCC-9-pipeline-100_20191030_1572397542/install-native/share/doc/gcc-arm-none-eabi/info --mandir=/mnt/workspace/workspace/GCC-9-pipeline/jenkins-GCC-9-pipeline-100_20191030_1572397542/install-native/share/doc/gcc-arm-none-eabi/man --htmldir=/mnt/workspace/workspace/GCC-9-pipeline/jenkins-GCC-9-pipeline-100_20191030_1572397542/install-native/share/doc/gcc-arm-none-eabi/html --pdfdir=/mnt/workspace/workspace/GCC-9-pipeline/jenkins-GCC-9-pipeline-100_20191030_1572397542/install-native/share/doc/gcc-arm-none-eabi/pdf --enable-languages=c,c++ --enable-plugins --disable-decimal-float --disable-libffi --disable-libgomp --disable-libmudflap --disable-libquadmath --disable-libssp --disable-libstdcxx-pch --disable-nls --disable-shared --disable-threads --disable-tls --with-gnu-as --with-gnu-ld --with-newlib --with-headers=yes --with-python-dir=share/gcc-arm-none-eabi --with-sysroot=/mnt/workspace/workspace/GCC-9-pipeline/jenkins-GCC-9-pipeline-100_20191030_1572397542/install-native/arm-none-eabi --build=x86_64-linux-gnu --host=x86_64-linux-gnu --with-gmp=/mnt/workspace/workspace/GCC-9-pipeline/jenkins-GCC-9-pipeline-100_20191030_1572397542/build-native/host-libs/usr --with-mpfr=/mnt/workspace/workspace/GCC-9-pipeline/jenkins-GCC-9-pipeline-100_20191030_1572397542/build-native/host-libs/usr --with-mpc=/mnt/workspace/workspace/GCC-9-pipeline/jenkins-GCC-9-pipeline-100_20191030_1572397542/build-native/host-libs/usr --with-isl=/mnt/workspace/workspace/GCC-9-pipeline/jenkins-GCC-9-pipeline-100_20191030_1572397542/build-native/host-libs/usr --with-libelf=/mnt/workspace/workspace/GCC-9-pipeline/jenkins-GCC-9-pipeline-100_20191030_1572397542/build-native/host-libs/usr --with-host-libstdcxx='-static-libgcc -Wl,-Bstatic,-lstdc++,-Bdynamic -lm' --with-pkgversion='GNU Tools for Arm Embedded Processors 9-2019-q4-major' --with-multilib-list=rmprofile
Thread model: single
gcc version 9.2.1 20191025 (release) [ARM/arm-9-branch revision 277599] (GNU Tools for Arm Embedded Processors 9-2019-q4-major) 
COLLECT_GCC_OPTIONS='-v' '-o' 'CMakeFiles/cmTC_f9313.dir/CMakeCCompilerABI.c.obj' '-c' '-mcpu=arm7tdmi' '-mfloat-abi=soft' '-marm' '-march=armv4t'
 /opt/gcc-arm-none-eabi/bin/../lib/gcc/arm-none-eabi/9.2.1/cc1 -quiet -v -iprefix /opt/gcc-arm-none-eabi/bin/../lib/gcc/arm-none-eabi/9.2.1/ -isysroot /opt/gcc-arm-none-eabi/bin/../arm-none-eabi -D__USES_INITFINI__ /opt/cmake/share/cmake-3.16/Modules/CMakeCCompilerABI.c -quiet -dumpbase CMakeCCompilerABI.c -mcpu=arm7tdmi -mfloat-abi=soft -marm -march=armv4t -auxbase-strip CMakeFiles/cmTC_f9313.dir/CMakeCCompilerABI.c.obj -version -o /tmp/ccB1cVWV.s
GNU C17 (GNU Tools for Arm Embedded Processors 9-2019-q4-major) version 9.2.1 20191025 (release) [ARM/arm-9-branch revision 277599] (arm-none-eabi)
	compiled by GNU C version 4.8.4, GMP version 6.1.0, MPFR version 3.1.4, MPC version 1.0.3, isl version isl-0.18-GMP

GGC heuristics: --param ggc-min-expand=100 --param ggc-min-heapsize=131072
ignoring duplicate directory "/opt/gcc-arm-none-eabi/bin/../lib/gcc/../../lib/gcc/arm-none-eabi/9.2.1/include"
ignoring nonexistent directory "/opt/gcc-arm-none-eabi/bin/../arm-none-eabi/usr/local/include"
ignoring duplicate directory "/opt/gcc-arm-none-eabi/bin/../lib/gcc/../../lib/gcc/arm-none-eabi/9.2.1/include-fixed"
ignoring duplicate directory "/opt/gcc-arm-none-eabi/bin/../lib/gcc/../../lib/gcc/arm-none-eabi/9.2.1/../../../../arm-none-eabi/include"
ignoring nonexistent directory "/opt/gcc-arm-none-eabi/bin/../arm-none-eabi/usr/include"
#include "..." search starts here:
#include <...> search starts here:
 /opt/gcc-arm-none-eabi/bin/../lib/gcc/arm-none-eabi/9.2.1/include
 /opt/gcc-arm-none-eabi/bin/../lib/gcc/arm-none-eabi/9.2.1/include-fixed
 /opt/gcc-arm-none-eabi/bin/../lib/gcc/arm-none-eabi/9.2.1/../../../../arm-none-eabi/include
End of search list.
GNU C17 (GNU Tools for Arm Embedded Processors 9-2019-q4-major) version 9.2.1 20191025 (release) [ARM/arm-9-branch revision 277599] (arm-none-eabi)
	compiled by GNU C version 4.8.4, GMP version 6.1.0, MPFR version 3.1.4, MPC version 1.0.3, isl version isl-0.18-GMP

GGC heuristics: --param ggc-min-expand=100 --param ggc-min-heapsize=131072
Compiler executable checksum: 4381e146d4f016ae8e44a645dba65184
COLLECT_GCC_OPTIONS='-v' '-o' 'CMakeFiles/cmTC_f9313.dir/CMakeCCompilerABI.c.obj' '-c' '-mcpu=arm7tdmi' '-mfloat-abi=soft' '-marm' '-march=armv4t'
 /opt/gcc-arm-none-eabi/bin/../lib/gcc/arm-none-eabi/9.2.1/../../../../arm-none-eabi/bin/as -v -march=armv4t -mfloat-abi=soft -meabi=5 -o CMakeFiles/cmTC_f9313.dir/CMakeCCompilerABI.c.obj /tmp/ccB1cVWV.s
GNU assembler version 2.33.1 (arm-none-eabi) using BFD version (GNU Tools for Arm Embedded Processors 9-2019-q4-major) 2.33.1.20191025
COMPILER_PATH=/opt/gcc-arm-none-eabi/bin/../lib/gcc/arm-none-eabi/9.2.1/:/opt/gcc-arm-none-eabi/bin/../lib/gcc/:/opt/gcc-arm-none-eabi/bin/../lib/gcc/arm-none-eabi/9.2.1/../../../../arm-none-eabi/bin/
LIBRARY_PATH=/opt/gcc-arm-none-eabi/bin/../lib/gcc/arm-none-eabi/9.2.1/:/opt/gcc-arm-none-eabi/bin/../lib/gcc/:/opt/gcc-arm-none-eabi/bin/../lib/gcc/arm-none-eabi/9.2.1/../../../../arm-none-eabi/lib/:/opt/gcc-arm-none-eabi/bin/../arm-none-eabi/lib/
COLLECT_GCC_OPTIONS='-v' '-o' 'CMakeFiles/cmTC_f9313.dir/CMakeCCompilerABI.c.obj' '-c' '-mcpu=arm7tdmi' '-mfloat-abi=soft' '-marm' '-march=armv4t'
[2/2] Linking C static library libcmTC_f9313.a



Parsed C implicit include dir info from above output: rv=done
  found start of include info
  found start of implicit include info
    add: [/opt/gcc-arm-none-eabi/bin/../lib/gcc/arm-none-eabi/9.2.1/include]
    add: [/opt/gcc-arm-none-eabi/bin/../lib/gcc/arm-none-eabi/9.2.1/include-fixed]
    add: [/opt/gcc-arm-none-eabi/bin/../lib/gcc/arm-none-eabi/9.2.1/../../../../arm-none-eabi/include]
  end of search list found
  collapse include dir [/opt/gcc-arm-none-eabi/bin/../lib/gcc/arm-none-eabi/9.2.1/include] ==> [/opt/gcc-arm-none-eabi/lib/gcc/arm-none-eabi/9.2.1/include]
  collapse include dir [/opt/gcc-arm-none-eabi/bin/../lib/gcc/arm-none-eabi/9.2.1/include-fixed] ==> [/opt/gcc-arm-none-eabi/lib/gcc/arm-none-eabi/9.2.1/include-fixed]
  collapse include dir [/opt/gcc-arm-none-eabi/bin/../lib/gcc/arm-none-eabi/9.2.1/../../../../arm-none-eabi/include] ==> [/opt/gcc-arm-none-eabi/arm-none-eabi/include]
  implicit include dirs: [/opt/gcc-arm-none-eabi/lib/gcc/arm-none-eabi/9.2.1/include;/opt/gcc-arm-none-eabi/lib/gcc/arm-none-eabi/9.2.1/include-fixed;/opt/gcc-arm-none-eabi/arm-none-eabi/include]


Parsed C implicit link information from above output:
  link line regex: [^( *|.*[/\])(arm-none-eabi-ld|CMAKE_LINK_STARTFILE-NOTFOUND|([^/\]+-)?ld|collect2)[^/\]*( |$)]
  ignore line: [Change Dir: /movesense/myBuild/CMakeFiles/CMakeTmp]
  ignore line: []
  ignore line: [Run Build Command(s):/usr/bin/ninja cmTC_f9313 && [1/2] Building C object CMakeFiles/cmTC_f9313.dir/CMakeCCompilerABI.c.obj]
  ignore line: [Using built-in specs.]
  ignore line: [COLLECT_GCC=/opt/gcc-arm-none-eabi/bin/arm-none-eabi-gcc]
  ignore line: [Target: arm-none-eabi]
  ignore line: [Configured with: /mnt/workspace/workspace/GCC-9-pipeline/jenkins-GCC-9-pipeline-100_20191030_1572397542/src/gcc/configure --target=arm-none-eabi --prefix=/mnt/workspace/workspace/GCC-9-pipeline/jenkins-GCC-9-pipeline-100_20191030_1572397542/install-native --libexecdir=/mnt/workspace/workspace/GCC-9-pipeline/jenkins-GCC-9-pipeline-100_20191030_1572397542/install-native/lib --infodir=/mnt/workspace/workspace/GCC-9-pipeline/jenkins-GCC-9-pipeline-100_20191030_1572397542/install-native/share/doc/gcc-arm-none-eabi/info --mandir=/mnt/workspace/workspace/GCC-9-pipeline/jenkins-GCC-9-pipeline-100_20191030_1572397542/install-native/share/doc/gcc-arm-none-eabi/man --htmldir=/mnt/workspace/workspace/GCC-9-pipeline/jenkins-GCC-9-pipeline-100_20191030_1572397542/install-native/share/doc/gcc-arm-none-eabi/html --pdfdir=/mnt/workspace/workspace/GCC-9-pipeline/jenkins-GCC-9-pipeline-100_20191030_1572397542/install-native/share/doc/gcc-arm-none-eabi/pdf --enable-languages=c,c++ --enable-plugins --disable-decimal-float --disable-libffi --disable-libgomp --disable-libmudflap --disable-libquadmath --disable-libssp --disable-libstdcxx-pch --disable-nls --disable-shared --disable-threads --disable-tls --with-gnu-as --with-gnu-ld --with-newlib --with-headers=yes --with-python-dir=share/gcc-arm-none-eabi --with-sysroot=/mnt/workspace/workspace/GCC-9-pipeline/jenkins-GCC-9-pipeline-100_20191030_1572397542/install-native/arm-none-eabi --build=x86_64-linux-gnu --host=x86_64-linux-gnu --with-gmp=/mnt/workspace/workspace/GCC-9-pipeline/jenkins-GCC-9-pipeline-100_20191030_1572397542/build-native/host-libs/usr --with-mpfr=/mnt/workspace/workspace/GCC-9-pipeline/jenkins-GCC-9-pipeline-100_20191030_1572397542/build-native/host-libs/usr --with-mpc=/mnt/workspace/workspace/GCC-9-pipeline/jenkins-GCC-9-pipeline-100_20191030_1572397542/build-native/host-libs/usr --with-isl=/mnt/workspace/workspace/GCC-9-pipeline/jenkins-GCC-9-pipeline-100_20191030_1572397542/build-native/host-libs/usr --with-libelf=/mnt/workspace/workspace/GCC-9-pipeline/jenkins-GCC-9-pipeline-100_20191030_1572397542/build-native/host-libs/usr --with-host-libstdcxx='-static-libgcc -Wl,-Bstatic,-lstdc++,-Bdynamic -lm' --with-pkgversion='GNU Tools for Arm Embedded Processors 9-2019-q4-major' --with-multilib-list=rmprofile]
  ignore line: [Thread model: single]
  ignore line: [gcc version 9.2.1 20191025 (release) [ARM/arm-9-branch revision 277599] (GNU Tools for Arm Embedded Processors 9-2019-q4-major) ]
  ignore line: [COLLECT_GCC_OPTIONS='-v' '-o' 'CMakeFiles/cmTC_f9313.dir/CMakeCCompilerABI.c.obj' '-c' '-mcpu=arm7tdmi' '-mfloat-abi=soft' '-marm' '-march=armv4t']
  ignore line: [ /opt/gcc-arm-none-eabi/bin/../lib/gcc/arm-none-eabi/9.2.1/cc1 -quiet -v -iprefix /opt/gcc-arm-none-eabi/bin/../lib/gcc/arm-none-eabi/9.2.1/ -isysroot /opt/gcc-arm-none-eabi/bin/../arm-none-eabi -D__USES_INITFINI__ /opt/cmake/share/cmake-3.16/Modules/CMakeCCompilerABI.c -quiet -dumpbase CMakeCCompilerABI.c -mcpu=arm7tdmi -mfloat-abi=soft -marm -march=armv4t -auxbase-strip CMakeFiles/cmTC_f9313.dir/CMakeCCompilerABI.c.obj -version -o /tmp/ccB1cVWV.s]
  ignore line: [GNU C17 (GNU Tools for Arm Embedded Processors 9-2019-q4-major) version 9.2.1 20191025 (release) [ARM/arm-9-branch revision 277599] (arm-none-eabi)]
  ignore line: [	compiled by GNU C version 4.8.4  GMP version 6.1.0  MPFR version 3.1.4  MPC version 1.0.3  isl version isl-0.18-GMP]
  ignore line: []
  ignore line: [GGC heuristics: --param ggc-min-expand=100 --param ggc-min-heapsize=131072]
  ignore line: [ignoring duplicate directory "/opt/gcc-arm-none-eabi/bin/../lib/gcc/../../lib/gcc/arm-none-eabi/9.2.1/include"]
  ignore line: [ignoring nonexistent directory "/opt/gcc-arm-none-eabi/bin/../arm-none-eabi/usr/local/include"]
  ignore line: [ignoring duplicate directory "/opt/gcc-arm-none-eabi/bin/../lib/gcc/../../lib/gcc/arm-none-eabi/9.2.1/include-fixed"]
  ignore line: [ignoring duplicate directory "/opt/gcc-arm-none-eabi/bin/../lib/gcc/../../lib/gcc/arm-none-eabi/9.2.1/../../../../arm-none-eabi/include"]
  ignore line: [ignoring nonexistent directory "/opt/gcc-arm-none-eabi/bin/../arm-none-eabi/usr/include"]
  ignore line: [#include "..." search starts here:]
  ignore line: [#include <...> search starts here:]
  ignore line: [ /opt/gcc-arm-none-eabi/bin/../lib/gcc/arm-none-eabi/9.2.1/include]
  ignore line: [ /opt/gcc-arm-none-eabi/bin/../lib/gcc/arm-none-eabi/9.2.1/include-fixed]
  ignore line: [ /opt/gcc-arm-none-eabi/bin/../lib/gcc/arm-none-eabi/9.2.1/../../../../arm-none-eabi/include]
  ignore line: [End of search list.]
  ignore line: [GNU C17 (GNU Tools for Arm Embedded Processors 9-2019-q4-major) version 9.2.1 20191025 (release) [ARM/arm-9-branch revision 277599] (arm-none-eabi)]
  ignore line: [	compiled by GNU C version 4.8.4  GMP version 6.1.0  MPFR version 3.1.4  MPC version 1.0.3  isl version isl-0.18-GMP]
  ignore line: []
  ignore line: [GGC heuristics: --param ggc-min-expand=100 --param ggc-min-heapsize=131072]
  ignore line: [Compiler executable checksum: 4381e146d4f016ae8e44a645dba65184]
  ignore line: [COLLECT_GCC_OPTIONS='-v' '-o' 'CMakeFiles/cmTC_f9313.dir/CMakeCCompilerABI.c.obj' '-c' '-mcpu=arm7tdmi' '-mfloat-abi=soft' '-marm' '-march=armv4t']
  ignore line: [ /opt/gcc-arm-none-eabi/bin/../lib/gcc/arm-none-eabi/9.2.1/../../../../arm-none-eabi/bin/as -v -march=armv4t -mfloat-abi=soft -meabi=5 -o CMakeFiles/cmTC_f9313.dir/CMakeCCompilerABI.c.obj /tmp/ccB1cVWV.s]
  ignore line: [GNU assembler version 2.33.1 (arm-none-eabi) using BFD version (GNU Tools for Arm Embedded Processors 9-2019-q4-major) 2.33.1.20191025]
  ignore line: [COMPILER_PATH=/opt/gcc-arm-none-eabi/bin/../lib/gcc/arm-none-eabi/9.2.1/:/opt/gcc-arm-none-eabi/bin/../lib/gcc/:/opt/gcc-arm-none-eabi/bin/../lib/gcc/arm-none-eabi/9.2.1/../../../../arm-none-eabi/bin/]
  ignore line: [LIBRARY_PATH=/opt/gcc-arm-none-eabi/bin/../lib/gcc/arm-none-eabi/9.2.1/:/opt/gcc-arm-none-eabi/bin/../lib/gcc/:/opt/gcc-arm-none-eabi/bin/../lib/gcc/arm-none-eabi/9.2.1/../../../../arm-none-eabi/lib/:/opt/gcc-arm-none-eabi/bin/../arm-none-eabi/lib/]
  ignore line: [COLLECT_GCC_OPTIONS='-v' '-o' 'CMakeFiles/cmTC_f9313.dir/CMakeCCompilerABI.c.obj' '-c' '-mcpu=arm7tdmi' '-mfloat-abi=soft' '-marm' '-march=armv4t']
  ignore line: [[2/2] Linking C static library libcmTC_f9313.a]
  ignore line: []
  ignore line: []
  implicit libs: []
  implicit dirs: []
  implicit fwks: []


Determining if the CXX compiler works passed with the following output:
Change Dir: /movesense/myBuild/CMakeFiles/CMakeTmp

Run Build Command(s):/usr/bin/ninja cmTC_8e247 && [1/2] Building CXX object CMakeFiles/cmTC_8e247.dir/testCXXCompiler.cxx.obj
[2/2] Linking CXX static library libcmTC_8e247.a



Detecting CXX compiler ABI info compiled with the following output:
Change Dir: /movesense/myBuild/CMakeFiles/CMakeTmp

Run Build Command(s):/usr/bin/ninja cmTC_4619b && [1/2] Building CXX object CMakeFiles/cmTC_4619b.dir/CMakeCXXCompilerABI.cpp.obj
Using built-in specs.
COLLECT_GCC=/opt/gcc-arm-none-eabi/bin/arm-none-eabi-gcc
Target: arm-none-eabi
Configured with: /mnt/workspace/workspace/GCC-9-pipeline/jenkins-GCC-9-pipeline-100_20191030_1572397542/src/gcc/configure --target=arm-none-eabi --prefix=/mnt/workspace/workspace/GCC-9-pipeline/jenkins-GCC-9-pipeline-100_20191030_1572397542/install-native --libexecdir=/mnt/workspace/workspace/GCC-9-pipeline/jenkins-GCC-9-pipeline-100_20191030_1572397542/install-native/lib --infodir=/mnt/workspace/workspace/GCC-9-pipeline/jenkins-GCC-9-pipeline-100_20191030_1572397542/install-native/share/doc/gcc-arm-none-eabi/info --mandir=/mnt/workspace/workspace/GCC-9-pipeline/jenkins-GCC-9-pipeline-100_20191030_1572397542/install-native/share/doc/gcc-arm-none-eabi/man --htmldir=/mnt/workspace/workspace/GCC-9-pipeline/jenkins-GCC-9-pipeline-100_20191030_1572397542/install-native/share/doc/gcc-arm-none-eabi/html --pdfdir=/mnt/workspace/workspace/GCC-9-pipeline/jenkins-GCC-9-pipeline-100_20191030_1572397542/install-native/share/doc/gcc-arm-none-eabi/pdf --enable-languages=c,c++ --enable-plugins --disable-decimal-float --disable-libffi --disable-libgomp --disable-libmudflap --disable-libquadmath --disable-libssp --disable-libstdcxx-pch --disable-nls --disable-shared --disable-threads --disable-tls --with-gnu-as --with-gnu-ld --with-newlib --with-headers=yes --with-python-dir=share/gcc-arm-none-eabi --with-sysroot=/mnt/workspace/workspace/GCC-9-pipeline/jenkins-GCC-9-pipeline-100_20191030_1572397542/install-native/arm-none-eabi --build=x86_64-linux-gnu --host=x86_64-linux-gnu --with-gmp=/mnt/workspace/workspace/GCC-9-pipeline/jenkins-GCC-9-pipeline-100_20191030_1572397542/build-native/host-libs/usr --with-mpfr=/mnt/workspace/workspace/GCC-9-pipeline/jenkins-GCC-9-pipeline-100_20191030_1572397542/build-native/host-libs/usr --with-mpc=/mnt/workspace/workspace/GCC-9-pipeline/jenkins-GCC-9-pipeline-100_20191030_1572397542/build-native/host-libs/usr --with-isl=/mnt/workspace/workspace/GCC-9-pipeline/jenkins-GCC-9-pipeline-100_20191030_1572397542/build-native/host-libs/usr --with-libelf=/mnt/workspace/workspace/GCC-9-pipeline/jenkins-GCC-9-pipeline-100_20191030_1572397542/build-native/host-libs/usr --with-host-libstdcxx='-static-libgcc -Wl,-Bstatic,-lstdc++,-Bdynamic -lm' --with-pkgversion='GNU Tools for Arm Embedded Processors 9-2019-q4-major' --with-multilib-list=rmprofile
Thread model: single
gcc version 9.2.1 20191025 (release) [ARM/arm-9-branch revision 277599] (GNU Tools for Arm Embedded Processors 9-2019-q4-major) 
COLLECT_GCC_OPTIONS='-v' '-o' 'CMakeFiles/cmTC_4619b.dir/CMakeCXXCompilerABI.cpp.obj' '-c' '-mcpu=arm7tdmi' '-mfloat-abi=soft' '-marm' '-march=armv4t'
 /opt/gcc-arm-none-eabi/bin/../lib/gcc/arm-none-eabi/9.2.1/cc1plus -quiet -v -iprefix /opt/gcc-arm-none-eabi/bin/../lib/gcc/arm-none-eabi/9.2.1/ -isysroot /opt/gcc-arm-none-eabi/bin/../arm-none-eabi -D__USES_INITFINI__ /opt/cmake/share/cmake-3.16/Modules/CMakeCXXCompilerABI.cpp -quiet -dumpbase CMakeCXXCompilerABI.cpp -mcpu=arm7tdmi -mfloat-abi=soft -marm -march=armv4t -auxbase-strip CMakeFiles/cmTC_4619b.dir/CMakeCXXCompilerABI.cpp.obj -version -o /tmp/ccXsVQxc.s
GNU C++14 (GNU Tools for Arm Embedded Processors 9-2019-q4-major) version 9.2.1 20191025 (release) [ARM/arm-9-branch revision 277599] (arm-none-eabi)
	compiled by GNU C version 4.8.4, GMP version 6.1.0, MPFR version 3.1.4, MPC version 1.0.3, isl version isl-0.18-GMP

GGC heuristics: --param ggc-min-expand=100 --param ggc-min-heapsize=131072
ignoring duplicate directory "/opt/gcc-arm-none-eabi/bin/../lib/gcc/../../lib/gcc/arm-none-eabi/9.2.1/../../../../arm-none-eabi/include/c++/9.2.1"
ignoring duplicate directory "/opt/gcc-arm-none-eabi/bin/../lib/gcc/../../lib/gcc/arm-none-eabi/9.2.1/../../../../arm-none-eabi/include/c++/9.2.1/arm-none-eabi"
ignoring duplicate directory "/opt/gcc-arm-none-eabi/bin/../lib/gcc/../../lib/gcc/arm-none-eabi/9.2.1/../../../../arm-none-eabi/include/c++/9.2.1/backward"
ignoring duplicate directory "/opt/gcc-arm-none-eabi/bin/../lib/gcc/../../lib/gcc/arm-none-eabi/9.2.1/include"
ignoring nonexistent directory "/opt/gcc-arm-none-eabi/bin/../arm-none-eabi/usr/local/include"
ignoring duplicate directory "/opt/gcc-arm-none-eabi/bin/../lib/gcc/../../lib/gcc/arm-none-eabi/9.2.1/include-fixed"
ignoring duplicate directory "/opt/gcc-arm-none-eabi/bin/../lib/gcc/../../lib/gcc/arm-none-eabi/9.2.1/../../../../arm-none-eabi/include"
ignoring nonexistent directory "/opt/gcc-arm-none-eabi/bin/../arm-none-eabi/usr/include"
#include "..." search starts here:
#include <...> search starts here:
 /opt/gcc-arm-none-eabi/bin/../lib/gcc/arm-none-eabi/9.2.1/../../../../arm-none-eabi/include/c++/9.2.1
 /opt/gcc-arm-none-eabi/bin/../lib/gcc/arm-none-eabi/9.2.1/../../../../arm-none-eabi/include/c++/9.2.1/arm-none-eabi
 /opt/gcc-arm-none-eabi/bin/../lib/gcc/arm-none-eabi/9.2.1/../../../../arm-none-eabi/include/c++/9.2.1/backward
 /opt/gcc-arm-none-eabi/bin/../lib/gcc/arm-none-eabi/9.2.1/include
 /opt/gcc-arm-none-eabi/bin/../lib/gcc/arm-none-eabi/9.2.1/include-fixed
 /opt/gcc-arm-none-eabi/bin/../lib/gcc/arm-none-eabi/9.2.1/../../../../arm-none-eabi/include
End of search list.
GNU C++14 (GNU Tools for Arm Embedded Processors 9-2019-q4-major) version 9.2.1 20191025 (release) [ARM/arm-9-branch revision 277599] (arm-none-eabi)
	compiled by GNU C version 4.8.4, GMP version 6.1.0, MPFR version 3.1.4, MPC version 1.0.3, isl version isl-0.18-GMP

GGC heuristics: --param ggc-min-expand=100 --param ggc-min-heapsize=131072
Compiler executable checksum: f480ec8acc882d1f6d9f2efa85949468
COLLECT_GCC_OPTIONS='-v' '-o' 'CMakeFiles/cmTC_4619b.dir/CMakeCXXCompilerABI.cpp.obj' '-c' '-mcpu=arm7tdmi' '-mfloat-abi=soft' '-marm' '-march=armv4t'
 /opt/gcc-arm-none-eabi/bin/../lib/gcc/arm-none-eabi/9.2.1/../../../../arm-none-eabi/bin/as -v -march=armv4t -mfloat-abi=soft -meabi=5 -o CMakeFiles/cmTC_4619b.dir/CMakeCXXCompilerABI.cpp.obj /tmp/ccXsVQxc.s
GNU assembler version 2.33.1 (arm-none-eabi) using BFD version (GNU Tools for Arm Embedded Processors 9-2019-q4-major) 2.33.1.20191025
COMPILER_PATH=/opt/gcc-arm-none-eabi/bin/../lib/gcc/arm-none-eabi/9.2.1/:/opt/gcc-arm-none-eabi/bin/../lib/gcc/:/opt/gcc-arm-none-eabi/bin/../lib/gcc/arm-none-eabi/9.2.1/../../../../arm-none-eabi/bin/
LIBRARY_PATH=/opt/gcc-arm-none-eabi/bin/../lib/gcc/arm-none-eabi/9.2.1/:/opt/gcc-arm-none-eabi/bin/../lib/gcc/:/opt/gcc-arm-none-eabi/bin/../lib/gcc/arm-none-eabi/9.2.1/../../../../arm-none-eabi/lib/:/opt/gcc-arm-none-eabi/bin/../arm-none-eabi/lib/
COLLECT_GCC_OPTIONS='-v' '-o' 'CMakeFiles/cmTC_4619b.dir/CMakeCXXCompilerABI.cpp.obj' '-c' '-mcpu=arm7tdmi' '-mfloat-abi=soft' '-marm' '-march=armv4t'
[2/2] Linking CXX static library libcmTC_4619b.a



Parsed CXX implicit include dir info from above output: rv=done
  found start of include info
  found start of implicit include info
    add: [/opt/gcc-arm-none-eabi/bin/../lib/gcc/arm-none-eabi/9.2.1/../../../../arm-none-eabi/include/c++/9.2.1]
    add: [/opt/gcc-arm-none-eabi/bin/../lib/gcc/arm-none-eabi/9.2.1/../../../../arm-none-eabi/include/c++/9.2.1/arm-none-eabi]
    add: [/opt/gcc-arm-none-eabi/bin/../lib/gcc/arm-none-eabi/9.2.1/../../../../arm-none-eabi/include/c++/9.2.1/backward]
    add: [/opt/gcc-arm-none-eabi/bin/../lib/gcc/arm-none-eabi/9.2.1/include]
    add: [/opt/gcc-arm-none-eabi/bin/../lib/gcc/arm-none-eabi/9.2.1/include-fixed]
    add: [/opt/gcc-arm-none-eabi/bin/../lib/gcc/arm-none-eabi/9.2.1/../../../../arm-none-eabi/include]
  end of search list found
  collapse include dir [/opt/gcc-arm-none-eabi/bin/../lib/gcc/arm-none-eabi/9.2.1/../../../../arm-none-eabi/include/c++/9.2.1] ==> [/opt/gcc-arm-none-eabi/arm-none-eabi/include/c++/9.2.1]
  collapse include dir [/opt/gcc-arm-none-eabi/bin/../lib/gcc/arm-none-eabi/9.2.1/../../../../arm-none-eabi/include/c++/9.2.1/arm-none-eabi] ==> [/opt/gcc-arm-none-eabi/arm-none-eabi/include/c++/9.2.1/arm-none-eabi]
  collapse include dir [/opt/gcc-arm-none-eabi/bin/../lib/gcc/arm-none-eabi/9.2.1/../../../../arm-none-eabi/include/c++/9.2.1/backward] ==> [/opt/gcc-arm-none-eabi/arm-none-eabi/include/c++/9.2.1/backward]
  collapse include dir [/opt/gcc-arm-none-eabi/bin/../lib/gcc/arm-none-eabi/9.2.1/include] ==> [/opt/gcc-arm-none-eabi/lib/gcc/arm-none-eabi/9.2.1/include]
  collapse include dir [/opt/gcc-arm-none-eabi/bin/../lib/gcc/arm-none-eabi/9.2.1/include-fixed] ==> [/opt/gcc-arm-none-eabi/lib/gcc/arm-none-eabi/9.2.1/include-fixed]
  collapse include dir [/opt/gcc-arm-none-eabi/bin/../lib/gcc/arm-none-eabi/9.2.1/../../../../arm-none-eabi/include] ==> [/opt/gcc-arm-none-eabi/arm-none-eabi/include]
  implicit include dirs: [/opt/gcc-arm-none-eabi/arm-none-eabi/include/c++/9.2.1;/opt/gcc-arm-none-eabi/arm-none-eabi/include/c++/9.2.1/arm-none-eabi;/opt/gcc-arm-none-eabi/arm-none-eabi/include/c++/9.2.1/backward;/opt/gcc-arm-none-eabi/lib/gcc/arm-none-eabi/9.2.1/include;/opt/gcc-arm-none-eabi/lib/gcc/arm-none-eabi/9.2.1/include-fixed;/opt/gcc-arm-none-eabi/arm-none-eabi/include]


Parsed CXX implicit link information from above output:
  link line regex: [^( *|.*[/\])(arm-none-eabi-ld|CMAKE_LINK_STARTFILE-NOTFOUND|([^/\]+-)?ld|collect2)[^/\]*( |$)]
  ignore line: [Change Dir: /movesense/myBuild/CMakeFiles/CMakeTmp]
  ignore line: []
  ignore line: [Run Build Command(s):/usr/bin/ninja cmTC_4619b && [1/2] Building CXX object CMakeFiles/cmTC_4619b.dir/CMakeCXXCompilerABI.cpp.obj]
  ignore line: [Using built-in specs.]
  ignore line: [COLLECT_GCC=/opt/gcc-arm-none-eabi/bin/arm-none-eabi-gcc]
  ignore line: [Target: arm-none-eabi]
  ignore line: [Configured with: /mnt/workspace/workspace/GCC-9-pipeline/jenkins-GCC-9-pipeline-100_20191030_1572397542/src/gcc/configure --target=arm-none-eabi --prefix=/mnt/workspace/workspace/GCC-9-pipeline/jenkins-GCC-9-pipeline-100_20191030_1572397542/install-native --libexecdir=/mnt/workspace/workspace/GCC-9-pipeline/jenkins-GCC-9-pipeline-100_20191030_1572397542/install-native/lib --infodir=/mnt/workspace/workspace/GCC-9-pipeline/jenkins-GCC-9-pipeline-100_20191030_1572397542/install-native/share/doc/gcc-arm-none-eabi/info --mandir=/mnt/workspace/workspace/GCC-9-pipeline/jenkins-GCC-9-pipeline-100_20191030_1572397542/install-native/share/doc/gcc-arm-none-eabi/man --htmldir=/mnt/workspace/workspace/GCC-9-pipeline/jenkins-GCC-9-pipeline-100_20191030_1572397542/install-native/share/doc/gcc-arm-none-eabi/html --pdfdir=/mnt/workspace/workspace/GCC-9-pipeline/jenkins-GCC-9-pipeline-100_20191030_1572397542/install-native/share/doc/gcc-arm-none-eabi/pdf --enable-languages=c,c++ --enable-plugins --disable-decimal-float --disable-libffi --disable-libgomp --disable-libmudflap --disable-libquadmath --disable-libssp --disable-libstdcxx-pch --disable-nls --disable-shared --disable-threads --disable-tls --with-gnu-as --with-gnu-ld --with-newlib --with-headers=yes --with-python-dir=share/gcc-arm-none-eabi --with-sysroot=/mnt/workspace/workspace/GCC-9-pipeline/jenkins-GCC-9-pipeline-100_20191030_1572397542/install-native/arm-none-eabi --build=x86_64-linux-gnu --host=x86_64-linux-gnu --with-gmp=/mnt/workspace/workspace/GCC-9-pipeline/jenkins-GCC-9-pipeline-100_20191030_1572397542/build-native/host-libs/usr --with-mpfr=/mnt/workspace/workspace/GCC-9-pipeline/jenkins-GCC-9-pipeline-100_20191030_1572397542/build-native/host-libs/usr --with-mpc=/mnt/workspace/workspace/GCC-9-pipeline/jenkins-GCC-9-pipeline-100_20191030_1572397542/build-native/host-libs/usr --with-isl=/mnt/workspace/workspace/GCC-9-pipeline/jenkins-GCC-9-pipeline-100_20191030_1572397542/build-native/host-libs/usr --with-libelf=/mnt/workspace/workspace/GCC-9-pipeline/jenkins-GCC-9-pipeline-100_20191030_1572397542/build-native/host-libs/usr --with-host-libstdcxx='-static-libgcc -Wl,-Bstatic,-lstdc++,-Bdynamic -lm' --with-pkgversion='GNU Tools for Arm Embedded Processors 9-2019-q4-major' --with-multilib-list=rmprofile]
  ignore line: [Thread model: single]
  ignore line: [gcc version 9.2.1 20191025 (release) [ARM/arm-9-branch revision 277599] (GNU Tools for Arm Embedded Processors 9-2019-q4-major) ]
  ignore line: [COLLECT_GCC_OPTIONS='-v' '-o' 'CMakeFiles/cmTC_4619b.dir/CMakeCXXCompilerABI.cpp.obj' '-c' '-mcpu=arm7tdmi' '-mfloat-abi=soft' '-marm' '-march=armv4t']
  ignore line: [ /opt/gcc-arm-none-eabi/bin/../lib/gcc/arm-none-eabi/9.2.1/cc1plus -quiet -v -iprefix /opt/gcc-arm-none-eabi/bin/../lib/gcc/arm-none-eabi/9.2.1/ -isysroot /opt/gcc-arm-none-eabi/bin/../arm-none-eabi -D__USES_INITFINI__ /opt/cmake/share/cmake-3.16/Modules/CMakeCXXCompilerABI.cpp -quiet -dumpbase CMakeCXXCompilerABI.cpp -mcpu=arm7tdmi -mfloat-abi=soft -marm -march=armv4t -auxbase-strip CMakeFiles/cmTC_4619b.dir/CMakeCXXCompilerABI.cpp.obj -version -o /tmp/ccXsVQxc.s]
  ignore line: [GNU C++14 (GNU Tools for Arm Embedded Processors 9-2019-q4-major) version 9.2.1 20191025 (release) [ARM/arm-9-branch revision 277599] (arm-none-eabi)]
  ignore line: [	compiled by GNU C version 4.8.4  GMP version 6.1.0  MPFR version 3.1.4  MPC version 1.0.3  isl version isl-0.18-GMP]
  ignore line: []
  ignore line: [GGC heuristics: --param ggc-min-expand=100 --param ggc-min-heapsize=131072]
  ignore line: [ignoring duplicate directory "/opt/gcc-arm-none-eabi/bin/../lib/gcc/../../lib/gcc/arm-none-eabi/9.2.1/../../../../arm-none-eabi/include/c++/9.2.1"]
  ignore line: [ignoring duplicate directory "/opt/gcc-arm-none-eabi/bin/../lib/gcc/../../lib/gcc/arm-none-eabi/9.2.1/../../../../arm-none-eabi/include/c++/9.2.1/arm-none-eabi"]
  ignore line: [ignoring duplicate directory "/opt/gcc-arm-none-eabi/bin/../lib/gcc/../../lib/gcc/arm-none-eabi/9.2.1/../../../../arm-none-eabi/include/c++/9.2.1/backward"]
  ignore line: [ignoring duplicate directory "/opt/gcc-arm-none-eabi/bin/../lib/gcc/../../lib/gcc/arm-none-eabi/9.2.1/include"]
  ignore line: [ignoring nonexistent directory "/opt/gcc-arm-none-eabi/bin/../arm-none-eabi/usr/local/include"]
  ignore line: [ignoring duplicate directory "/opt/gcc-arm-none-eabi/bin/../lib/gcc/../../lib/gcc/arm-none-eabi/9.2.1/include-fixed"]
  ignore line: [ignoring duplicate directory "/opt/gcc-arm-none-eabi/bin/../lib/gcc/../../lib/gcc/arm-none-eabi/9.2.1/../../../../arm-none-eabi/include"]
  ignore line: [ignoring nonexistent directory "/opt/gcc-arm-none-eabi/bin/../arm-none-eabi/usr/include"]
  ignore line: [#include "..." search starts here:]
  ignore line: [#include <...> search starts here:]
  ignore line: [ /opt/gcc-arm-none-eabi/bin/../lib/gcc/arm-none-eabi/9.2.1/../../../../arm-none-eabi/include/c++/9.2.1]
  ignore line: [ /opt/gcc-arm-none-eabi/bin/../lib/gcc/arm-none-eabi/9.2.1/../../../../arm-none-eabi/include/c++/9.2.1/arm-none-eabi]
  ignore line: [ /opt/gcc-arm-none-eabi/bin/../lib/gcc/arm-none-eabi/9.2.1/../../../../arm-none-eabi/include/c++/9.2.1/backward]
  ignore line: [ /opt/gcc-arm-none-eabi/bin/../lib/gcc/arm-none-eabi/9.2.1/include]
  ignore line: [ /opt/gcc-arm-none-eabi/bin/../lib/gcc/arm-none-eabi/9.2.1/include-fixed]
  ignore line: [ /opt/gcc-arm-none-eabi/bin/../lib/gcc/arm-none-eabi/9.2.1/../../../../arm-none-eabi/include]
  ignore line: [End of search list.]
  ignore line: [GNU C++14 (GNU Tools for Arm Embedded Processors 9-2019-q4-major) version 9.2.1 20191025 (release) [ARM/arm-9-branch revision 277599] (arm-none-eabi)]
  ignore line: [	compiled by GNU C version 4.8.4  GMP version 6.1.0  MPFR version 3.1.4  MPC version 1.0.3  isl version isl-0.18-GMP]
  ignore line: []
  ignore line: [GGC heuristics: --param ggc-min-expand=100 --param ggc-min-heapsize=131072]
  ignore line: [Compiler executable checksum: f480ec8acc882d1f6d9f2efa85949468]
  ignore line: [COLLECT_GCC_OPTIONS='-v' '-o' 'CMakeFiles/cmTC_4619b.dir/CMakeCXXCompilerABI.cpp.obj' '-c' '-mcpu=arm7tdmi' '-mfloat-abi=soft' '-marm' '-march=armv4t']
  ignore line: [ /opt/gcc-arm-none-eabi/bin/../lib/gcc/arm-none-eabi/9.2.1/../../../../arm-none-eabi/bin/as -v -march=armv4t -mfloat-abi=soft -meabi=5 -o CMakeFiles/cmTC_4619b.dir/CMakeCXXCompilerABI.cpp.obj /tmp/ccXsVQxc.s]
  ignore line: [GNU assembler version 2.33.1 (arm-none-eabi) using BFD version (GNU Tools for Arm Embedded Processors 9-2019-q4-major) 2.33.1.20191025]
  ignore line: [COMPILER_PATH=/opt/gcc-arm-none-eabi/bin/../lib/gcc/arm-none-eabi/9.2.1/:/opt/gcc-arm-none-eabi/bin/../lib/gcc/:/opt/gcc-arm-none-eabi/bin/../lib/gcc/arm-none-eabi/9.2.1/../../../../arm-none-eabi/bin/]
  ignore line: [LIBRARY_PATH=/opt/gcc-arm-none-eabi/bin/../lib/gcc/arm-none-eabi/9.2.1/:/opt/gcc-arm-none-eabi/bin/../lib/gcc/:/opt/gcc-arm-none-eabi/bin/../lib/gcc/arm-none-eabi/9.2.1/../../../../arm-none-eabi/lib/:/opt/gcc-arm-none-eabi/bin/../arm-none-eabi/lib/]
  ignore line: [COLLECT_GCC_OPTIONS='-v' '-o' 'CMakeFiles/cmTC_4619b.dir/CMakeCXXCompilerABI.cpp.obj' '-c' '-mcpu=arm7tdmi' '-mfloat-abi=soft' '-marm' '-march=armv4t']
  ignore line: [[2/2] Linking CXX static library libcmTC_4619b.a]
  ignore line: []
  ignore line: []
  implicit libs: []
  implicit dirs: []
  implicit fwks: []


Checking whether the ASM compiler is GNU using "--version" matched "(GNU assembler)|(GCC)|(Free Software Foundation)":
arm-none-eabi-gcc (GNU Tools for Arm Embedded Processors 9-2019-q4-major) 9.2.1 20191025 (release) [ARM/arm-9-branch revision 277599]
Copyright (C) 2019 Free Software Foundation, Inc.
This is free software; see the source for copying conditions.  There is NO
warranty; not even for MERCHANTABILITY or FITNESS FOR A PARTICULAR PURPOSE.

